SF:./app/consumers/application_consumer.rb
DA:6,1
LF:1
LH:1
end_of_record
SF:./app/consumers/example_consumer.rb
DA:4,1
DA:5,1
DA:6,4
LF:3
LH:3
end_of_record
SF:./app/controllers/application_controller.rb
DA:3,1
DA:5,1
DA:7,1
DA:9,1
DA:10,1
DA:12,2
DA:15,1
DA:16,1
DA:17,7
DA:19,7
LF:10
LH:10
end_of_record
SF:./app/controllers/home_controller.rb
DA:3,1
DA:4,1
DA:5,1
LF:3
LH:3
end_of_record
SF:./app/controllers/sessions_controller.rb
DA:3,1
DA:4,1
DA:6,1
DA:7,2
DA:8,2
DA:10,1
DA:15,1
LF:7
LH:7
end_of_record
SF:./app/controllers/users/omniauth_callbacks_controller.rb
DA:3,1
DA:4,1
DA:5,1
DA:6,2
DA:7,2
DA:9,2
DA:11,2
DA:12,1
DA:14,1
DA:15,1
DA:19,1
DA:20,0
DA:23,1
DA:24,1
DA:26,2
LF:15
LH:14
end_of_record
SF:./app/jobs/application_job.rb
DA:3,1
LF:1
LH:1
end_of_record
SF:./app/jobs/test_job.rb
DA:3,1
DA:4,1
DA:6,1
DA:7,1
LF:4
LH:4
end_of_record
SF:./app/models/application_record.rb
DA:3,1
DA:4,1
LF:2
LH:2
end_of_record
SF:./app/models/user.rb
DA:3,1
DA:6,1
DA:10,1
DA:11,1
DA:15,1
DA:16,1
DA:20,1
DA:21,5
DA:23,5
DA:24,4
DA:27,2
DA:28,2
DA:29,2
DA:32,1
DA:33,4
DA:35,4
DA:37,3
DA:38,3
DA:39,3
DA:40,3
DA:42,3
DA:44,2
DA:46,2
DA:47,1
DA:48,1
DA:49,1
DA:52,2
DA:57,2
LF:28
LH:28
end_of_record
SF:./app/models/user_provider.rb
DA:3,1
DA:4,1
LF:2
LH:2
end_of_record
SF:./karafka.rb
DA:3,1
DA:4,1
DA:5,1
DA:8,1
DA:11,1
DA:15,1
DA:22,1
DA:34,1
DA:44,1
DA:45,1
DA:46,1
DA:58,1
DA:60,1
DA:62,1
DA:65,1
DA:68,1
DA:71,1
DA:72,1
DA:73,1
DA:74,1
DA:75,1
DA:78,1
LF:22
LH:22
end_of_record
