{
  "RSpec": {
    "coverage": {
      "/home/kelvin/projects/rails-stimulus-boilerplate/karafka.rb": {
        "lines": [
          null,
          null,
          1,
          1,
          1,
          null,
          null,
          1,
          null,
          null,
          1,
          null,
          null,
          null,
          1,
          null,
          null,
          null,
          null,
          null,
          null,
          1,
          null,
          null,
          null,
          null,
          null,
          null,
          null,
          null,
          null,
          null,
          null,
          1,
          null,
          null,
          null,
          null,
          null,
          null,
          null,
          null,
          null,
          1,
          1,
          1,
          null,
          null,
          null,
          null,
          null,
          null,
          null,
          null,
          null,
          null,
          null,
          1,
          null,
          1,
          null,
          1,
          null,
          null,
          1,
          null,
          null,
          1,
          null,
          null,
          1,
          1,
          1,
          1,
          1,
          null,
          null,
          1
        ]
      },
      "/home/kelvin/projects/rails-stimulus-boilerplate/app/consumers/example_consumer.rb": {
        "lines": [
          null,
          null,
          null,
          1,
          1,
          4,
          null,
          null,
          null,
          null,
          null,
          null,
          null,
          null,
          null,
          null
        ]
      },
      "/home/kelvin/projects/rails-stimulus-boilerplate/app/consumers/application_consumer.rb": {
        "lines": [
          null,
          null,
          null,
          null,
          null,
          1,
          null
        ]
      },
      "/home/kelvin/projects/rails-stimulus-boilerplate/app/jobs/test_job.rb": {
        "lines": [
          null,
          null,
          1,
          1,
          null,
          1,
          1,
          null,
          null
        ]
      },
      "/home/kelvin/projects/rails-stimulus-boilerplate/app/jobs/application_job.rb": {
        "lines": [
          null,
          null,
          1,
          null,
          null,
          null,
          null,
          null,
          null
        ]
      },
      "/home/kelvin/projects/rails-stimulus-boilerplate/app/models/user_provider.rb": {
        "lines": [
          null,
          null,
          1,
          1,
          null
        ]
      },
      "/home/kelvin/projects/rails-stimulus-boilerplate/app/models/application_record.rb": {
        "lines": [
          null,
          null,
          1,
          1,
          null
        ]
      },
      "/home/kelvin/projects/rails-stimulus-boilerplate/app/models/user.rb": {
        "lines": [
          null,
          null,
          1,
          null,
          null,
          1,
          null,
          null,
          null,
          1,
          1,
          null,
          null,
          null,
          1,
          1,
          null,
          null,
          null,
          1,
          5,
          null,
          5,
          4,
          null,
          null,
          2,
          2,
          2,
          null,
          null,
          1,
          4,
          null,
          4,
          null,
          3,
          3,
          3,
          3,
          null,
          3,
          null,
          2,
          null,
          2,
          1,
          1,
          1,
          null,
          null,
          2,
          null,
          null,
          null,
          null,
          2,
          null,
          null,
          null,
          null,
          null
        ]
      },
      "/home/kelvin/projects/rails-stimulus-boilerplate/app/controllers/home_controller.rb": {
        "lines": [
          null,
          null,
          1,
          1,
          1,
          null,
          null
        ]
      },
      "/home/kelvin/projects/rails-stimulus-boilerplate/app/controllers/application_controller.rb": {
        "lines": [
          null,
          null,
          1,
          null,
          1,
          null,
          1,
          null,
          1,
          1,
          null,
          2,
          null,
          null,
          1,
          1,
          7,
          null,
          7,
          null,
          null
        ]
      },
      "/home/kelvin/projects/rails-stimulus-boilerplate/app/controllers/users/omniauth_callbacks_controller.rb": {
        "lines": [
          null,
          null,
          1,
          1,
          1,
          2,
          2,
          null,
          2,
          null,
          2,
          1,
          null,
          1,
          1,
          null,
          null,
          null,
          1,
          0,
          null,
          null,
          1,
          1,
          null,
          2,
          null,
          null,
          null,
          null
        ]
      },
      "/home/kelvin/projects/rails-stimulus-boilerplate/app/controllers/sessions_controller.rb": {
        "lines": [
          null,
          null,
          1,
          1,
          null,
          1,
          2,
          2,
          null,
          1,
          null,
          null,
          null,
          null,
          1,
          null,
          null,
          null
        ]
      }
    },
    "timestamp": 1752210791
  }
}
